{"level":"warning","msg":"OpenTelemetry tracing disabled","time":"2025-03-31T18:06:15+05:30"}
Loading configuration...
Configuration loaded successfully
Connected to PostgreSQL
Failed to connect to ScyllaDB
{"level":"warning","msg":"OpenTelemetry tracing disabled","time":"2025-03-31T18:07:29+05:30"}
Loading configuration...
Configuration loaded successfully
Connected to PostgreSQL
Failed to connect to ScyllaDB
{"level":"warning","msg":"OpenTelemetry tracing disabled","time":"2025-03-31T18:08:35+05:30"}
Loading configuration...
Configuration loaded successfully
Connected to PostgreSQL
Failed to connect to ScyllaDB
{"level":"warning","msg":"OpenTelemetry tracing disabled","time":"2025-03-31T18:11:03+05:30"}
Loading configuration...
Configuration loaded successfully
Connected to PostgreSQL
Failed to connect to ScyllaDB
{"level":"warning","msg":"OpenTelemetry tracing disabled","time":"2025-03-31T18:11:11+05:30"}
Loading configuration...
Configuration loaded successfully
Connected to PostgreSQL
Failed to connect to ScyllaDB
{"level":"warning","msg":"OpenTelemetry tracing disabled","time":"2025-03-31T20:37:24+05:30"}
Loading configuration...
Configuration loaded successfully
Connected to PostgreSQL
Connected to ScyllaDB
Starting HTTPS server on port 8080
{"level":"warning","msg":"OpenTelemetry tracing disabled","time":"2025-03-31T20:40:52+05:30"}
Loading configuration...
Configuration loaded successfully
Connected to PostgreSQL
Connected to ScyllaDB
Starting HTTPS server on port 8080
{"level":"warning","msg":"OpenTelemetry tracing disabled","time":"2025-03-31T20:41:37+05:30"}
starting app
Loading configuration...
Configuration loaded successfully
Connected to PostgreSQL
Connected to ScyllaDB
Starting HTTPS server on port 8080
{"level":"warning","msg":"OpenTelemetry tracing disabled","time":"2025-03-31T20:42:41+05:30"}
starting app
Loading configuration...
Configuration loaded successfully
Connected to PostgreSQL
Connected to ScyllaDB
Starting HTTPS server on port 8080
{"level":"warning","msg":"OpenTelemetry tracing disabled","time":"2025-03-31T20:43:26+05:30"}
starting app
Loading configuration...
Configuration loaded successfully
Connected to PostgreSQL
Connected to ScyllaDB
Starting HTTPS server on port 8080
{"level":"warning","msg":"OpenTelemetry tracing disabled","time":"2025-03-31T20:43:33+05:30"}
starting app
Loading configuration...
Configuration loaded successfully
Connected to PostgreSQL
Connected to ScyllaDB
Starting HTTPS server on port 8080
{"level":"warning","msg":"OpenTelemetry tracing disabled","time":"2025-03-31T20:46:51+05:30"}
starting app
Loading configuration...
Configuration loaded successfully
Connected to PostgreSQL
Connected to ScyllaDB
Starting HTTPS server on port 8080
{"level":"warning","msg":"OpenTelemetry tracing disabled","time":"2025-03-31T20:50:16+05:30"}
starting app
Loading configuration...
Configuration loaded successfully
Connected to PostgreSQL
Connected to ScyllaDB
Starting HTTPS server on port 8080
{"level":"warning","msg":"OpenTelemetry tracing disabled","time":"2025-03-31T20:50:58+05:30"}
Loading configuration...
Configuration loaded successfully
Connected to PostgreSQL
Connected to ScyllaDB
Starting HTTPS server on port 8080
{"level":"warning","msg":"OpenTelemetry tracing disabled","time":"2025-03-31T20:52:22+05:30"}
{"level":"info","msg":"Loading configuration...","time":"2025-03-31T20:52:22+05:30"}
{"level":"info","msg":"Configuration loaded successfully","time":"2025-03-31T20:52:22+05:30"}
{"level":"info","msg":"Connected to PostgreSQL","time":"2025-03-31T20:52:22+05:30"}
{"level":"info","msg":"Connected to ScyllaDB","time":"2025-03-31T20:52:22+05:30"}
{"level":"info","msg":"Starting HTTPS server on port 8080","time":"2025-03-31T20:52:22+05:30"}
{"level":"warning","msg":"OpenTelemetry tracing disabled","time":"2025-03-31T20:53:07+05:30"}
{"level":"info","msg":"Loading configuration...","time":"2025-03-31T20:53:07+05:30"}
{"level":"info","msg":"Configuration loaded successfully","time":"2025-03-31T20:53:07+05:30"}
{"level":"info","msg":"Connected to PostgreSQL","time":"2025-03-31T20:53:07+05:30"}
{"level":"info","msg":"Connected to ScyllaDB","time":"2025-03-31T20:53:07+05:30"}
{"level":"info","msg":"Starting HTTPS server on port 8080","time":"2025-03-31T20:53:07+05:30"}
{"level":"warning","msg":"OpenTelemetry tracing disabled","time":"2025-03-31T20:54:55+05:30"}
{"level":"info","msg":"Loading configuration...","time":"2025-03-31T20:54:55+05:30"}
{"level":"info","msg":"Configuration loaded successfully","time":"2025-03-31T20:54:55+05:30"}
{"level":"info","msg":"Connected to PostgreSQL","time":"2025-03-31T20:54:55+05:30"}
{"level":"info","msg":"Connected to ScyllaDB","time":"2025-03-31T20:54:55+05:30"}
{"level":"info","msg":"Starting HTTPS server on port 8080","time":"2025-03-31T20:54:56+05:30"}
{"level":"warning","msg":"OpenTelemetry tracing disabled","time":"2025-03-31T20:57:15+05:30"}
{"level":"info","msg":"Loading configuration...","time":"2025-03-31T20:57:15+05:30"}
{"level":"info","msg":"Configuration loaded successfully","time":"2025-03-31T20:57:15+05:30"}
{"level":"info","msg":"Connected to PostgreSQL","time":"2025-03-31T20:57:15+05:30"}
{"level":"info","msg":"Connected to ScyllaDB","time":"2025-03-31T20:57:15+05:30"}
{"level":"info","msg":"Starting HTTPS server on port 8080","time":"2025-03-31T20:57:16+05:30"}
{"level":"warning","msg":"OpenTelemetry tracing disabled","time":"2025-03-31T20:57:28+05:30"}
{"level":"info","msg":"Loading configuration...","time":"2025-03-31T20:57:28+05:30"}
{"level":"info","msg":"Configuration loaded successfully","time":"2025-03-31T20:57:28+05:30"}
{"level":"info","msg":"Connected to PostgreSQL","time":"2025-03-31T20:57:28+05:30"}
{"level":"info","msg":"Connected to ScyllaDB","time":"2025-03-31T20:57:28+05:30"}
{"level":"info","msg":"Starting HTTPS server on port 8080","time":"2025-03-31T20:57:28+05:30"}
{"level":"warning","msg":"OpenTelemetry tracing disabled","time":"2025-03-31T21:07:08+05:30"}
{"level":"info","msg":"Loading configuration...","time":"2025-03-31T21:07:08+05:30"}
{"level":"info","msg":"Configuration loaded successfully","time":"2025-03-31T21:07:08+05:30"}
{"level":"info","msg":"Connected to PostgreSQL","time":"2025-03-31T21:07:08+05:30"}
{"level":"info","msg":"Connected to ScyllaDB","time":"2025-03-31T21:07:08+05:30"}
{"level":"info","msg":"Starting HTTPS server on port 8080","time":"2025-03-31T21:07:08+05:30"}
{"level":"warning","msg":"OpenTelemetry tracing disabled","time":"2025-03-31T21:07:31+05:30"}
{"level":"info","msg":"Loading configuration...","time":"2025-03-31T21:07:31+05:30"}
{"level":"info","msg":"Configuration loaded successfully","time":"2025-03-31T21:07:31+05:30"}
{"level":"info","msg":"Connected to PostgreSQL","time":"2025-03-31T21:07:31+05:30"}
{"level":"info","msg":"Connected to ScyllaDB","time":"2025-03-31T21:07:31+05:30"}
{"level":"info","msg":"Starting HTTPS server on port 8080","time":"2025-03-31T21:07:32+05:30"}
{"level":"warning","msg":"OpenTelemetry tracing disabled","time":"2025-03-31T21:07:57+05:30"}
{"level":"info","msg":"Loading configuration...","time":"2025-03-31T21:07:57+05:30"}
{"level":"info","msg":"Configuration loaded successfully","time":"2025-03-31T21:07:57+05:30"}
{"level":"info","msg":"Connected to PostgreSQL","time":"2025-03-31T21:07:57+05:30"}
{"level":"info","msg":"Connected to ScyllaDB","time":"2025-03-31T21:07:57+05:30"}
{"level":"info","msg":"Starting HTTPS server on port 8080","time":"2025-03-31T21:07:57+05:30"}
